<?xml version="1.0" encoding="UTF-8"?>
<!-- Generated by org.testng.reporters.JUnitReportReporter -->
<testsuite hostname="ADDJ" failures="0" tests="1" name="demogit.NewTest" time="0.009" errors="0" timestamp="2024-02-27T12:23:43 IST" skipped="0">
  <testcase classname="demogit.NewTest" name="f" time="0.009"/>
  <system-out/>
</testsuite> <!-- demogit.NewTest -->
